# JRE version: OpenJDK Runtime Environment (8.0_242-b01) (build 1.8.0_242-release-1644-b01)
# Java VM: OpenJDK 64-Bit Server VM (25.242-b01 mixed mode windows-amd64 compressed oops)
Heap:
 PSYoungGen      total 471552K, used 419529K [0x00000000e0000000, 0x0000000100000000, 0x0000000100000000)
  eden space 430080K, 87% used [0x00000000e0000000,0x00000000f7162c68,0x00000000fa400000)
  from space 41472K, 99% used [0x00000000fd780000,0x00000000fffcfa48,0x0000000100000000)
  to   space 47104K, 0% used [0x00000000fa400000,0x00000000fa400000,0x00000000fd200000)
 ParOldGen       total 280064K, used 70255K [0x00000000a0000000, 0x00000000b1180000, 0x00000000e0000000)
  object space 280064K, 25% used [0x00000000a0000000,0x00000000a449be60,0x00000000b1180000)
 Metaspace       used 102691K, capacity 107870K, committed 107992K, reserved 1142784K
  class space    used 13115K, capacity 14263K, committed 14296K, reserved 1048576K
GC Heap History (10 events):
Event: 125.105 GC heap before
{Heap before GC invocations=22 (full 3):
 PSYoungGen      total 487424K, used 464153K [0x00000000e0000000, 0x00000000fff80000, 0x0000000100000000)
  eden space 450560K, 100% used [0x00000000e0000000,0x00000000fb800000,0x00000000fb800000)
  from space 36864K, 36% used [0x00000000fdb80000,0x00000000fe8c65c8,0x00000000fff80000)
  to   space 36352K, 0% used [0x00000000fb800000,0x00000000fb800000,0x00000000fdb80000)
 ParOldGen       total 186880K, used 80829K [0x00000000a0000000, 0x00000000ab680000, 0x00000000e0000000)
  object space 186880K, 43% used [0x00000000a0000000,0x00000000a4eef448,0x00000000ab680000)
 Metaspace       used 86383K, capacity 89778K, committed 89944K, reserved 1128448K
  class space    used 11104K, capacity 11855K, committed 11864K, reserved 1048576K
Event: 125.138 GC heap after
Heap after GC invocations=22 (full 3):
 PSYoungGen      total 486912K, used 36339K [0x00000000e0000000, 0x0000000100000000, 0x0000000100000000)
  eden space 450560K, 0% used [0x00000000e0000000,0x00000000e0000000,0x00000000fb800000)
  from space 36352K, 99% used [0x00000000fb800000,0x00000000fdb7cff0,0x00000000fdb80000)
  to   space 37376K, 0% used [0x00000000fdb80000,0x00000000fdb80000,0x0000000100000000)
 ParOldGen       total 186880K, used 82573K [0x00000000a0000000, 0x00000000ab680000, 0x00000000e0000000)
  object space 186880K, 44% used [0x00000000a0000000,0x00000000a50a3528,0x00000000ab680000)
 Metaspace       used 86383K, capacity 89778K, committed 89944K, reserved 1128448K
  class space    used 11104K, capacity 11855K, committed 11864K, reserved 1048576K
}
Event: 221.053 GC heap before
{Heap before GC invocations=23 (full 3):
 PSYoungGen      total 486912K, used 376486K [0x00000000e0000000, 0x0000000100000000, 0x0000000100000000)
  eden space 450560K, 75% used [0x00000000e0000000,0x00000000f4c2c8d0,0x00000000fb800000)
  from space 36352K, 99% used [0x00000000fb800000,0x00000000fdb7cff0,0x00000000fdb80000)
  to   space 37376K, 0% used [0x00000000fdb80000,0x00000000fdb80000,0x0000000100000000)
 ParOldGen       total 186880K, used 82573K [0x00000000a0000000, 0x00000000ab680000, 0x00000000e0000000)
  object space 186880K, 44% used [0x00000000a0000000,0x00000000a50a3528,0x00000000ab680000)
 Metaspace       used 94162K, capacity 98342K, committed 98496K, reserved 1134592K
  class space    used 12129K, capacity 13019K, committed 13144K, reserved 1048576K
Event: 221.072 GC heap after
Heap after GC invocations=23 (full 3):
 PSYoungGen      total 480768K, used 21329K [0x00000000e0000000, 0x0000000100000000, 0x0000000100000000)
  eden space 443392K, 0% used [0x00000000e0000000,0x00000000e0000000,0x00000000fb100000)
  from space 37376K, 57% used [0x00000000fdb80000,0x00000000ff054540,0x0000000100000000)
  to   space 40448K, 0% used [0x00000000fb100000,0x00000000fb100000,0x00000000fd880000)
 ParOldGen       total 186880K, used 88961K [0x00000000a0000000, 0x00000000ab680000, 0x00000000e0000000)
  object space 186880K, 47% used [0x00000000a0000000,0x00000000a56e0530,0x00000000ab680000)
 Metaspace       used 94162K, capacity 98342K, committed 98496K, reserved 1134592K
  class space    used 12129K, capacity 13019K, committed 13144K, reserved 1048576K
}
Event: 221.072 GC heap before
{Heap before GC invocations=24 (full 4):
 PSYoungGen      total 480768K, used 21329K [0x00000000e0000000, 0x0000000100000000, 0x0000000100000000)
  eden space 443392K, 0% used [0x00000000e0000000,0x00000000e0000000,0x00000000fb100000)
  from space 37376K, 57% used [0x00000000fdb80000,0x00000000ff054540,0x0000000100000000)
  to   space 40448K, 0% used [0x00000000fb100000,0x00000000fb100000,0x00000000fd880000)
 ParOldGen       total 186880K, used 88961K [0x00000000a0000000, 0x00000000ab680000, 0x00000000e0000000)
  object space 186880K, 47% used [0x00000000a0000000,0x00000000a56e0530,0x00000000ab680000)
 Metaspace       used 94162K, capacity 98342K, committed 98496K, reserved 1134592K
  class space    used 12129K, capacity 13019K, committed 13144K, reserved 1048576K
Event: 221.250 GC heap after
Heap after GC invocations=24 (full 4):
 PSYoungGen      total 480768K, used 0K [0x00000000e0000000, 0x0000000100000000, 0x0000000100000000)
  eden space 443392K, 0% used [0x00000000e0000000,0x00000000e0000000,0x00000000fb100000)
  from space 37376K, 0% used [0x00000000fdb80000,0x00000000fdb80000,0x0000000100000000)
  to   space 40448K, 0% used [0x00000000fb100000,0x00000000fb100000,0x00000000fd880000)
 ParOldGen       total 280064K, used 70239K [0x00000000a0000000, 0x00000000b1180000, 0x00000000e0000000)
  object space 280064K, 25% used [0x00000000a0000000,0x00000000a4497e60,0x00000000b1180000)
 Metaspace       used 93941K, capacity 97726K, committed 98496K, reserved 1134592K
  class space    used 12063K, capacity 12881K, committed 13144K, reserved 1048576K
}
Event: 224.267 GC heap before
{Heap before GC invocations=25 (full 4):
 PSYoungGen      total 480768K, used 443392K [0x00000000e0000000, 0x0000000100000000, 0x0000000100000000)
  eden space 443392K, 100% used [0x00000000e0000000,0x00000000fb100000,0x00000000fb100000)
  from space 37376K, 0% used [0x00000000fdb80000,0x00000000fdb80000,0x0000000100000000)
  to   space 40448K, 0% used [0x00000000fb100000,0x00000000fb100000,0x00000000fd880000)
 ParOldGen       total 280064K, used 70239K [0x00000000a0000000, 0x00000000b1180000, 0x00000000e0000000)
  object space 280064K, 25% used [0x00000000a0000000,0x00000000a4497e60,0x00000000b1180000)
 Metaspace       used 98133K, capacity 102476K, committed 102744K, reserved 1138688K
  class space    used 12614K, capacity 13530K, committed 13656K, reserved 1048576K
Event: 224.287 GC heap after
Heap after GC invocations=25 (full 4):
 PSYoungGen      total 471040K, used 27542K [0x00000000e0000000, 0x0000000100000000, 0x0000000100000000)
  eden space 443392K, 0% used [0x00000000e0000000,0x00000000e0000000,0x00000000fb100000)
  from space 27648K, 99% used [0x00000000fb100000,0x00000000fcbe5b88,0x00000000fcc00000)
  to   space 41472K, 0% used [0x00000000fd780000,0x00000000fd780000,0x0000000100000000)
 ParOldGen       total 280064K, used 70247K [0x00000000a0000000, 0x00000000b1180000, 0x00000000e0000000)
  object space 280064K, 25% used [0x00000000a0000000,0x00000000a4499e60,0x00000000b1180000)
 Metaspace       used 98133K, capacity 102476K, committed 102744K, reserved 1138688K
  class space    used 12614K, capacity 13530K, committed 13656K, reserved 1048576K
}
Event: 319.242 GC heap before
{Heap before GC invocations=26 (full 4):
 PSYoungGen      total 471040K, used 470934K [0x00000000e0000000, 0x0000000100000000, 0x0000000100000000)
  eden space 443392K, 100% used [0x00000000e0000000,0x00000000fb100000,0x00000000fb100000)
  from space 27648K, 99% used [0x00000000fb100000,0x00000000fcbe5b88,0x00000000fcc00000)
  to   space 41472K, 0% used [0x00000000fd780000,0x00000000fd780000,0x0000000100000000)
 ParOldGen       total 280064K, used 70247K [0x00000000a0000000, 0x00000000b1180000, 0x00000000e0000000)
  object space 280064K, 25% used [0x00000000a0000000,0x00000000a4499e60,0x00000000b1180000)
 Metaspace       used 102141K, capacity 107300K, committed 107352K, reserved 1142784K
  class space    used 13071K, capacity 14165K, committed 14168K, reserved 1048576K
Event: 319.283 GC heap after
Heap after GC invocations=26 (full 4):
 PSYoungGen      total 471552K, used 41278K [0x00000000e0000000, 0x0000000100000000, 0x0000000100000000)
  eden space 430080K, 0% used [0x00000000e0000000,0x00000000e0000000,0x00000000fa400000)
  from space 41472K, 99% used [0x00000000fd780000,0x00000000fffcfa48,0x0000000100000000)
  to   space 47104K, 0% used [0x00000000fa400000,0x00000000fa400000,0x00000000fd200000)
 ParOldGen       total 280064K, used 70255K [0x00000000a0000000, 0x00000000b1180000, 0x00000000e0000000)
  object space 280064K, 25% used [0x00000000a0000000,0x00000000a449be60,0x00000000b1180000)
 Metaspace       used 102141K, capacity 107300K, committed 107352K, reserved 1142784K
  class space    used 13071K, capacity 14165K, committed 14168K, reserved 1048576K
}

