# JRE version: OpenJDK Runtime Environment (8.0_242-b01) (build 1.8.0_242-release-1644-b01)
# Java VM: OpenJDK 64-Bit Server VM (25.242-b01 mixed mode windows-amd64 compressed oops)
Heap:
 PSYoungGen      total 373248K, used 158479K [0x00000000e0000000, 0x00000000fe680000, 0x0000000100000000)
  eden space 304640K, 40% used [0x00000000e0000000,0x00000000e77b80b0,0x00000000f2980000)
  from space 68608K, 52% used [0x00000000f2980000,0x00000000f4c8bda8,0x00000000f6c80000)
  to   space 66560K, 0% used [0x00000000fa580000,0x00000000fa580000,0x00000000fe680000)
 ParOldGen       total 335872K, used 92587K [0x00000000a0000000, 0x00000000b4800000, 0x00000000e0000000)
  object space 335872K, 27% used [0x00000000a0000000,0x00000000a5a6ae90,0x00000000b4800000)
 Metaspace       used 128944K, capacity 135421K, committed 135488K, reserved 1167360K
  class space    used 16875K, capacity 18215K, committed 18240K, reserved 1048576K
GC Heap History (10 events):
Event: 8561.427 GC heap before
{Heap before GC invocations=25 (full 4):
 PSYoungGen      total 295424K, used 286029K [0x00000000e0000000, 0x00000000f5200000, 0x0000000100000000)
  eden space 256000K, 100% used [0x00000000e0000000,0x00000000efa00000,0x00000000efa00000)
  from space 39424K, 76% used [0x00000000f2200000,0x00000000f3f53478,0x00000000f4880000)
  to   space 40960K, 0% used [0x00000000efa00000,0x00000000efa00000,0x00000000f2200000)
 ParOldGen       total 335872K, used 66127K [0x00000000a0000000, 0x00000000b4800000, 0x00000000e0000000)
  object space 335872K, 19% used [0x00000000a0000000,0x00000000a4093d98,0x00000000b4800000)
 Metaspace       used 125659K, capacity 132029K, committed 132160K, reserved 1163264K
  class space    used 16555K, capacity 17881K, committed 17984K, reserved 1048576K
Event: 8561.454 GC heap after
Heap after GC invocations=25 (full 4):
 PSYoungGen      total 296960K, used 40948K [0x00000000e0000000, 0x00000000f6880000, 0x0000000100000000)
  eden space 256000K, 0% used [0x00000000e0000000,0x00000000e0000000,0x00000000efa00000)
  from space 40960K, 99% used [0x00000000efa00000,0x00000000f21fd160,0x00000000f2200000)
  to   space 49152K, 0% used [0x00000000f3880000,0x00000000f3880000,0x00000000f6880000)
 ParOldGen       total 335872K, used 73137K [0x00000000a0000000, 0x00000000b4800000, 0x00000000e0000000)
  object space 335872K, 21% used [0x00000000a0000000,0x00000000a476c728,0x00000000b4800000)
 Metaspace       used 125659K, capacity 132029K, committed 132160K, reserved 1163264K
  class space    used 16555K, capacity 17881K, committed 17984K, reserved 1048576K
}
Event: 8564.069 GC heap before
{Heap before GC invocations=26 (full 4):
 PSYoungGen      total 296960K, used 296948K [0x00000000e0000000, 0x00000000f6880000, 0x0000000100000000)
  eden space 256000K, 100% used [0x00000000e0000000,0x00000000efa00000,0x00000000efa00000)
  from space 40960K, 99% used [0x00000000efa00000,0x00000000f21fd160,0x00000000f2200000)
  to   space 49152K, 0% used [0x00000000f3880000,0x00000000f3880000,0x00000000f6880000)
 ParOldGen       total 335872K, used 73137K [0x00000000a0000000, 0x00000000b4800000, 0x00000000e0000000)
  object space 335872K, 21% used [0x00000000a0000000,0x00000000a476c728,0x00000000b4800000)
 Metaspace       used 128341K, capacity 134875K, committed 134976K, reserved 1165312K
  class space    used 16834K, capacity 18146K, committed 18240K, reserved 1048576K
Event: 8564.117 GC heap after
Heap after GC invocations=26 (full 4):
 PSYoungGen      total 313344K, used 49137K [0x00000000e0000000, 0x00000000f7e00000, 0x0000000100000000)
  eden space 264192K, 0% used [0x00000000e0000000,0x00000000e0000000,0x00000000f0200000)
  from space 49152K, 99% used [0x00000000f3880000,0x00000000f687c4c0,0x00000000f6880000)
  to   space 55808K, 0% used [0x00000000f0200000,0x00000000f0200000,0x00000000f3880000)
 ParOldGen       total 335872K, used 73766K [0x00000000a0000000, 0x00000000b4800000, 0x00000000e0000000)
  object space 335872K, 21% used [0x00000000a0000000,0x00000000a4809898,0x00000000b4800000)
 Metaspace       used 128341K, capacity 134875K, committed 134976K, reserved 1165312K
  class space    used 16834K, capacity 18146K, committed 18240K, reserved 1048576K
}
Event: 8564.677 GC heap before
{Heap before GC invocations=27 (full 4):
 PSYoungGen      total 313344K, used 313329K [0x00000000e0000000, 0x00000000f7e00000, 0x0000000100000000)
  eden space 264192K, 100% used [0x00000000e0000000,0x00000000f0200000,0x00000000f0200000)
  from space 49152K, 99% used [0x00000000f3880000,0x00000000f687c4c0,0x00000000f6880000)
  to   space 55808K, 0% used [0x00000000f0200000,0x00000000f0200000,0x00000000f3880000)
 ParOldGen       total 335872K, used 75030K [0x00000000a0000000, 0x00000000b4800000, 0x00000000e0000000)
  object space 335872K, 22% used [0x00000000a0000000,0x00000000a4945910,0x00000000b4800000)
 Metaspace       used 128787K, capacity 135275K, committed 135488K, reserved 1167360K
  class space    used 16871K, capacity 18212K, committed 18240K, reserved 1048576K
Event: 8564.713 GC heap after
Heap after GC invocations=27 (full 4):
 PSYoungGen      total 320000K, used 50684K [0x00000000e0000000, 0x00000000fa900000, 0x0000000100000000)
  eden space 264192K, 0% used [0x00000000e0000000,0x00000000e0000000,0x00000000f0200000)
  from space 55808K, 90% used [0x00000000f0200000,0x00000000f337f140,0x00000000f3880000)
  to   space 61952K, 0% used [0x00000000f6c80000,0x00000000f6c80000,0x00000000fa900000)
 ParOldGen       total 335872K, used 75038K [0x00000000a0000000, 0x00000000b4800000, 0x00000000e0000000)
  object space 335872K, 22% used [0x00000000a0000000,0x00000000a4947910,0x00000000b4800000)
 Metaspace       used 128787K, capacity 135275K, committed 135488K, reserved 1167360K
  class space    used 16871K, capacity 18212K, committed 18240K, reserved 1048576K
}
Event: 8565.002 GC heap before
{Heap before GC invocations=28 (full 4):
 PSYoungGen      total 320000K, used 314876K [0x00000000e0000000, 0x00000000fa900000, 0x0000000100000000)
  eden space 264192K, 100% used [0x00000000e0000000,0x00000000f0200000,0x00000000f0200000)
  from space 55808K, 90% used [0x00000000f0200000,0x00000000f337f140,0x00000000f3880000)
  to   space 61952K, 0% used [0x00000000f6c80000,0x00000000f6c80000,0x00000000fa900000)
 ParOldGen       total 335872K, used 75041K [0x00000000a0000000, 0x00000000b4800000, 0x00000000e0000000)
  object space 335872K, 22% used [0x00000000a0000000,0x00000000a49486e0,0x00000000b4800000)
 Metaspace       used 128889K, capacity 135421K, committed 135488K, reserved 1167360K
  class space    used 16875K, capacity 18215K, committed 18240K, reserved 1048576K
Event: 8565.043 GC heap after
Heap after GC invocations=28 (full 4):
 PSYoungGen      total 366592K, used 55978K [0x00000000e0000000, 0x00000000fcb00000, 0x0000000100000000)
  eden space 304640K, 0% used [0x00000000e0000000,0x00000000e0000000,0x00000000f2980000)
  from space 61952K, 90% used [0x00000000f6c80000,0x00000000fa32a918,0x00000000fa900000)
  to   space 68608K, 0% used [0x00000000f2980000,0x00000000f2980000,0x00000000f6c80000)
 ParOldGen       total 335872K, used 75049K [0x00000000a0000000, 0x00000000b4800000, 0x00000000e0000000)
  object space 335872K, 22% used [0x00000000a0000000,0x00000000a494a6e0,0x00000000b4800000)
 Metaspace       used 128889K, capacity 135421K, committed 135488K, reserved 1167360K
  class space    used 16875K, capacity 18215K, committed 18240K, reserved 1048576K
}
Event: 8565.488 GC heap before
{Heap before GC invocations=29 (full 4):
 PSYoungGen      total 366592K, used 360618K [0x00000000e0000000, 0x00000000fcb00000, 0x0000000100000000)
  eden space 304640K, 100% used [0x00000000e0000000,0x00000000f2980000,0x00000000f2980000)
  from space 61952K, 90% used [0x00000000f6c80000,0x00000000fa32a918,0x00000000fa900000)
  to   space 68608K, 0% used [0x00000000f2980000,0x00000000f2980000,0x00000000f6c80000)
 ParOldGen       total 335872K, used 75113K [0x00000000a0000000, 0x00000000b4800000, 0x00000000e0000000)
  object space 335872K, 22% used [0x00000000a0000000,0x00000000a495a6f0,0x00000000b4800000)
 Metaspace       used 128915K, capacity 135421K, committed 135488K, reserved 1167360K
  class space    used 16875K, capacity 18215K, committed 18240K, reserved 1048576K
Event: 8565.517 GC heap after
Heap after GC invocations=29 (full 4):
 PSYoungGen      total 373248K, used 35887K [0x00000000e0000000, 0x00000000fe680000, 0x0000000100000000)
  eden space 304640K, 0% used [0x00000000e0000000,0x00000000e0000000,0x00000000f2980000)
  from space 68608K, 52% used [0x00000000f2980000,0x00000000f4c8bda8,0x00000000f6c80000)
  to   space 66560K, 0% used [0x00000000fa580000,0x00000000fa580000,0x00000000fe680000)
 ParOldGen       total 335872K, used 92587K [0x00000000a0000000, 0x00000000b4800000, 0x00000000e0000000)
  object space 335872K, 27% used [0x00000000a0000000,0x00000000a5a6ae90,0x00000000b4800000)
 Metaspace       used 128915K, capacity 135421K, committed 135488K, reserved 1167360K
  class space    used 16875K, capacity 18215K, committed 18240K, reserved 1048576K
}

